<?xml version="1.0" encoding="UTF-8"?>
<testng-results ignored="0" total="1" passed="1" failed="0" skipped="0">
  <reporter-output>
  </reporter-output>
  <suite started-at="2022-09-21T11:58:00 CEST" name="Default suite" finished-at="2022-09-21T11:58:05 CEST" duration-ms="4673">
    <groups>
    </groups>
    <test started-at="2022-09-21T11:58:00 CEST" name="Default test" finished-at="2022-09-21T11:58:05 CEST" duration-ms="4673">
      <class name="fileUpload.File_Exercise_MonsterIndia">
        <test-method signature="verifyCvUpload()[pri:0, instance:fileUpload.File_Exercise_MonsterIndia@2a266d09]" started-at="2022-09-21T11:58:00 CEST" name="verifyCvUpload" finished-at="2022-09-21T11:58:05 CEST" duration-ms="4643" status="PASS">
          <reporter-output>
          </reporter-output>
        </test-method> <!-- verifyCvUpload -->
      </class> <!-- fileUpload.File_Exercise_MonsterIndia -->
    </test> <!-- Default test -->
  </suite> <!-- Default suite -->
</testng-results>
